<?xml version="1.0" encoding="UTF-8"?>
<!-- Generated by org.testng.reporters.JUnitReportReporter -->
<testsuite hostname="evrens-MacBook-Pro.local" failures="0" tests="1" name="tests.AmazonSearchTestData" time="0.000" errors="0" timestamp="2021-06-05T10:52:20 EDT" skipped="1">
  <testcase classname="tests.AmazonSearchTestData" name="test" time="0.000">
    <skipped/>
  </testcase> <!-- test -->
  <system-out/>
</testsuite> <!-- tests.AmazonSearchTestData -->
