<?xml version="1.0" encoding="UTF-8"?>
<!-- Generated by org.testng.reporters.JUnitReportReporter -->
<testsuite hostname="evrens-MacBook-Pro.local" failures="0" tests="1" name="tests.AmazonSearchTest" time="23.043" errors="0" timestamp="2021-05-29T13:38:52 EDT" skipped="0">
  <testcase classname="tests.AmazonSearchTest" name="amazonSearchTest" time="23.043"/>
  <system-out/>
</testsuite> <!-- tests.AmazonSearchTest -->
