<?xml version="1.0" encoding="UTF-8"?>
<!-- Generated by org.testng.reporters.JUnitReportReporter -->
<testsuite hostname="evrens-MacBook-Pro.local" failures="0" tests="1" name="tests.AmazonItemPurchaseTest" time="0.010" errors="0" timestamp="2021-06-05T12:22:56 EDT" skipped="0">
  <testcase classname="tests.AmazonItemPurchaseTest" name="f" time="0.010"/>
  <system-out/>
</testsuite> <!-- tests.AmazonItemPurchaseTest -->
