<?xml version="1.0" encoding="UTF-8"?>
<!-- Generated by org.testng.reporters.JUnitReportReporter -->
<testsuite hostname="evrens-MBP.fios-router.home" failures="0" tests="5" name="tests.SampleAmazonSearchDataDrivenTest" time="0.014" errors="0" timestamp="2021-06-06T21:57:09 EDT" skipped="0">
  <testcase classname="tests.SampleAmazonSearchDataDrivenTest" name="test" time="0.003"/>
  <system-out/>
  <testcase classname="tests.SampleAmazonSearchDataDrivenTest" name="test" time="0.002"/>
  <system-out/>
  <testcase classname="tests.SampleAmazonSearchDataDrivenTest" name="test" time="0.002"/>
  <system-out/>
  <testcase classname="tests.SampleAmazonSearchDataDrivenTest" name="test" time="0.005"/>
  <system-out/>
  <testcase classname="tests.SampleAmazonSearchDataDrivenTest" name="test" time="0.002"/>
  <system-out/>
</testsuite> <!-- tests.SampleAmazonSearchDataDrivenTest -->
