<?xml version="1.0" encoding="UTF-8"?>
<!-- Generated by org.testng.reporters.JUnitReportReporter -->
<testsuite hostname="evrens-MBP.fios-router.home" failures="0" tests="1" name="tests.SeleniumEasyAlertTests" time="6.496" errors="0" timestamp="2021-06-01T08:18:05 EDT" skipped="0">
  <testcase classname="tests.SeleniumEasyAlertTests" name="secondAlertTest" time="6.496"/>
  <system-out/>
</testsuite> <!-- tests.SeleniumEasyAlertTests -->
