<?xml version="1.0" encoding="UTF-8"?>
<!-- Generated by org.testng.reporters.JUnitReportReporter -->
<testsuite hostname="evrens-MacBook-Pro.local" failures="0" tests="1" name="tests.AmazonAddToCartTest" time="0.011" errors="0" timestamp="2021-06-05T10:14:24 EDT" skipped="0">
  <testcase classname="tests.AmazonAddToCartTest" name="f" time="0.011"/>
  <system-out/>
</testsuite> <!-- tests.AmazonAddToCartTest -->
